<?xml version="1.0" encoding="UTF-8"?>
<!-- Generated by org.testng.reporters.JUnitReportReporter -->
<testsuite hostname="DESKTOP-S4B5J1M" failures="0" tests="1" name="Module1_login_Test.PBLoginTest1" time="24.458" errors="0" timestamp="2023-06-25T13:40:54 IST" skipped="0">
  <testcase classname="Module1_login_Test.PBLoginTest1" name="verifyFullName" time="24.458"/>
  <system-out/>
</testsuite> <!-- Module1_login_Test.PBLoginTest1 -->
